<?xml version="1.0" encoding="UTF-8"?>
<!-- Generated by org.testng.reporters.JUnitReportReporter -->
<testsuite hostname="DESKTOP-7LA2CRR" failures="0" tests="1" name="driverFactory.AdminLoginInvalidData" time="13.384" errors="0" timestamp="2025-03-26T21:36:47 IST" skipped="0">
  <testcase classname="driverFactory.AdminLoginInvalidData" name="startTest" time="13.384">
    <system-out>
      <![CDATA[No.of rows are::7
invalid credentials
invalid credentials
username cannot be empty
invalid credentials
invalid credentials
username cannot be empty
invalid credentials]]>
    </system-out>
  </testcase> <!-- startTest -->
  <system-out>
    <![CDATA[No of rows are::7
No.of rows are::7
invalid credentials
invalid credentials
username cannot be empty
invalid credentials
invalid credentials
username cannot be empty
invalid credentials]]>
  </system-out>
</testsuite> <!-- driverFactory.AdminLoginInvalidData -->
